May 26 08:42:14 ip-172-31-26-52 useradd[387]: new group: name=ubuntu, GID=1000
May 26 08:42:14 ip-172-31-26-52 useradd[387]: new user: name=ubuntu, UID=1000, GID=1000, home=/home/ubuntu, shell=/bin/bash, from=none
May 26 08:42:14 ip-172-31-26-52 useradd[387]: add 'ubuntu' to group 'adm'
May 26 08:42:14 ip-172-31-26-52 useradd[387]: add 'ubuntu' to group 'dialout'
May 26 08:42:14 ip-172-31-26-52 useradd[387]: add 'ubuntu' to group 'cdrom'
May 26 08:42:14 ip-172-31-26-52 useradd[387]: add 'ubuntu' to group 'floppy'
May 26 08:42:14 ip-172-31-26-52 useradd[387]: add 'ubuntu' to group 'sudo'
May 26 08:42:14 ip-172-31-26-52 useradd[387]: add 'ubuntu' to group 'audio'
May 26 08:42:14 ip-172-31-26-52 useradd[387]: add 'ubuntu' to group 'dip'
May 26 08:42:14 ip-172-31-26-52 useradd[387]: add 'ubuntu' to group 'video'
May 26 08:42:14 ip-172-31-26-52 useradd[387]: add 'ubuntu' to group 'plugdev'
May 26 08:42:14 ip-172-31-26-52 useradd[387]: add 'ubuntu' to group 'netdev'
May 26 08:42:14 ip-172-31-26-52 useradd[387]: add 'ubuntu' to group 'lxd'
May 26 08:42:14 ip-172-31-26-52 useradd[387]: add 'ubuntu' to shadow group 'adm'
May 26 08:42:14 ip-172-31-26-52 useradd[387]: add 'ubuntu' to shadow group 'dialout'
May 26 08:42:14 ip-172-31-26-52 useradd[387]: add 'ubuntu' to shadow group 'cdrom'
May 26 08:42:14 ip-172-31-26-52 useradd[387]: add 'ubuntu' to shadow group 'floppy'
May 26 08:42:14 ip-172-31-26-52 useradd[387]: add 'ubuntu' to shadow group 'sudo'
May 26 08:42:14 ip-172-31-26-52 useradd[387]: add 'ubuntu' to shadow group 'audio'
May 26 08:42:14 ip-172-31-26-52 useradd[387]: add 'ubuntu' to shadow group 'dip'
May 26 08:42:14 ip-172-31-26-52 useradd[387]: add 'ubuntu' to shadow group 'video'
May 26 08:42:14 ip-172-31-26-52 useradd[387]: add 'ubuntu' to shadow group 'plugdev'
May 26 08:42:14 ip-172-31-26-52 useradd[387]: add 'ubuntu' to shadow group 'netdev'
May 26 08:42:14 ip-172-31-26-52 useradd[387]: add 'ubuntu' to shadow group 'lxd'
May 26 08:42:14 ip-172-31-26-52 passwd[395]: password for 'ubuntu' changed by 'root'
May 26 08:42:14 ip-172-31-26-52 systemd-logind[433]: New seat seat0.
May 26 08:42:14 ip-172-31-26-52 systemd-logind[433]: Watching system buttons on /dev/input/event0 (Power Button)
May 26 08:42:14 ip-172-31-26-52 systemd-logind[433]: Watching system buttons on /dev/input/event1 (Sleep Button)
May 26 08:42:14 ip-172-31-26-52 systemd-logind[433]: Watching system buttons on /dev/input/event2 (AT Translated Set 2 keyboard)
May 26 08:42:15 ip-172-31-26-52 sshd[611]: Server listening on 0.0.0.0 port 22.
May 26 08:42:15 ip-172-31-26-52 sshd[611]: Server listening on :: port 22.
May 26 08:42:19 ip-172-31-26-52 useradd[949]: new user: name=lxd, UID=999, GID=100, home=/var/snap/lxd/common/lxd, shell=/bin/false, from=none
May 26 08:45:48 ip-172-31-26-52 ec2-instance-connect[1350]: Querying EC2 Instance Connect keys for matching fingerprint: SHA256:XmVEEOnljzhIEzVHgaoXVBAmQMgukiNhOYWMehv7HEA
May 26 08:45:48 ip-172-31-26-52 ec2-instance-connect[1382]: Providing ssh key from EC2 Instance Connect with fingerprint: SHA256:XmVEEOnljzhIEzVHgaoXVBAmQMgukiNhOYWMehv7HEA, request-id: ba4ff6c2-530e-4cb5-8aa1-2ce13d8bd965, for IAM principal: arn:aws:iam::749185461088:root
May 26 08:45:48 ip-172-31-26-52 ec2-instance-connect[1499]: Querying EC2 Instance Connect keys for matching fingerprint: SHA256:XmVEEOnljzhIEzVHgaoXVBAmQMgukiNhOYWMehv7HEA
May 26 08:45:48 ip-172-31-26-52 ec2-instance-connect[1531]: Providing ssh key from EC2 Instance Connect with fingerprint: SHA256:XmVEEOnljzhIEzVHgaoXVBAmQMgukiNhOYWMehv7HEA, request-id: ba4ff6c2-530e-4cb5-8aa1-2ce13d8bd965, for IAM principal: arn:aws:iam::749185461088:root
May 26 08:45:48 ip-172-31-26-52 sshd[1241]: Accepted publickey for ubuntu from 13.48.4.203 port 63212 ssh2: ED25519 SHA256:XmVEEOnljzhIEzVHgaoXVBAmQMgukiNhOYWMehv7HEA
May 26 08:45:48 ip-172-31-26-52 sshd[1241]: pam_unix(sshd:session): session opened for user ubuntu(uid=1000) by (uid=0)
May 26 08:45:48 ip-172-31-26-52 systemd-logind[433]: New session 1 of user ubuntu.
May 26 08:45:48 ip-172-31-26-52 systemd: pam_unix(systemd-user:session): session opened for user ubuntu(uid=1000) by (uid=0)
May 26 08:46:41 ip-172-31-26-52 sudo:   ubuntu : TTY=pts/0 ; PWD=/home/ubuntu ; USER=root ; COMMAND=/usr/bin/apt update
May 26 08:46:41 ip-172-31-26-52 sudo: pam_unix(sudo:session): session opened for user root(uid=0) by ubuntu(uid=1000)
May 26 08:47:28 ip-172-31-26-52 sudo: pam_unix(sudo:session): session closed for user root
May 26 08:47:28 ip-172-31-26-52 sudo:   ubuntu : TTY=pts/0 ; PWD=/home/ubuntu ; USER=root ; COMMAND=/usr/bin/apt upgrade -y
May 26 08:47:28 ip-172-31-26-52 sudo: pam_unix(sudo:session): session opened for user root(uid=0) by ubuntu(uid=1000)
May 26 08:47:55 ip-172-31-26-52 sshd[611]: Received signal 15; terminating.
May 26 08:47:56 ip-172-31-26-52 sshd[3748]: Server listening on 0.0.0.0 port 22.
May 26 08:47:56 ip-172-31-26-52 sshd[3748]: Server listening on :: port 22.
May 26 08:53:24 ip-172-31-26-52 sudo: pam_unix(sudo:session): session closed for user root
May 26 08:55:59 ip-172-31-26-52 sudo:   ubuntu : TTY=pts/0 ; PWD=/home/ubuntu ; USER=root ; COMMAND=/usr/bin/apt install python3 python3-pip python3-venv git -y
May 26 08:55:59 ip-172-31-26-52 sudo: pam_unix(sudo:session): session opened for user root(uid=0) by ubuntu(uid=1000)
May 26 08:57:24 ip-172-31-26-52 sudo: pam_unix(sudo:session): session closed for user root
May 26 09:07:14 ip-172-31-26-52 sudo:   ubuntu : TTY=pts/0 ; PWD=/home/ubuntu/sys-toolkit ; USER=root ; COMMAND=/usr/bin/cp /var/log/auth.log logs/auth.log
May 26 09:07:14 ip-172-31-26-52 sudo: pam_unix(sudo:session): session opened for user root(uid=0) by ubuntu(uid=1000)
